[2023-02-19T04:41:13.351Z] info: settings.yaml was copied to the config folder
[2023-02-19T04:41:13.667Z] error: undefined
[2023-02-19T04:41:13.721Z] info: docker.yaml was copied to the config folder
[2023-02-19T04:41:13.721Z] info: services.yaml was copied to the config folder
[2023-02-19T04:41:13.721Z] info: widgets.yaml was copied to the config folder
[2023-02-19T04:41:13.729Z] info: kubernetes.yaml was copied to the config folder
[2023-02-19T04:41:53.491Z] info: bookmarks.yaml was copied to the config folder
[2023-02-19T04:50:11.756Z] error: <plexProxyHandler> HTTP 401 communicating with Plex. Data: <html><head><title>Unauthorized</title></head><body><h1>401 Unauthorized</h1></body></html>
[2023-02-19T04:50:12.926Z] error: <plexProxyHandler> HTTP 401 communicating with Plex. Data: <html><head><title>Unauthorized</title></head><body><h1>401 Unauthorized</h1></body></html>
[2023-02-19T04:50:18.838Z] error: <plexProxyHandler> HTTP 401 communicating with Plex. Data: <html><head><title>Unauthorized</title></head><body><h1>401 Unauthorized</h1></body></html>
[2023-02-19T04:50:23.620Z] error: <plexProxyHandler> HTTP 401 communicating with Plex. Data: <html><head><title>Unauthorized</title></head><body><h1>401 Unauthorized</h1></body></html>
[2023-02-19T04:50:42.150Z] error: <plexProxyHandler> HTTP 401 communicating with Plex. Data: <html><head><title>Unauthorized</title></head><body><h1>401 Unauthorized</h1></body></html>
[2023-02-19T04:50:42.151Z] error: <plexProxyHandler> HTTP 401 communicating with Plex. Data: <html><head><title>Unauthorized</title></head><body><h1>401 Unauthorized</h1></body></html>
[2023-02-19T04:50:46.629Z] error: <plexProxyHandler> HTTP 401 communicating with Plex. Data: <html><head><title>Unauthorized</title></head><body><h1>401 Unauthorized</h1></body></html>
[2023-02-19T04:50:56.643Z] error: <httpProxy> Error calling http://plex.local//status/sessions...
[2023-02-19T04:50:56.646Z] error: undefined
[2023-02-19T04:50:56.645Z] error: <httpProxy> [
  500,
  Error: getaddrinfo EAI_AGAIN plex.local
      at GetAddrInfoReqWrap.onlookup [as oncomplete] (node:dns:107:26) {
    errno: -3001,
    code: 'EAI_AGAIN',
    syscall: 'getaddrinfo',
    hostname: 'plex.local'
  }
]
[2023-02-19T04:50:56.645Z] error: <plexProxyHandler> HTTP 500 communicating with Plex. Data: [object Object]
[2023-02-19T04:51:03.059Z] error: <plexProxyHandler> HTTP 401 communicating with Plex. Data: <html><head><title>Unauthorized</title></head><body><h1>401 Unauthorized</h1></body></html>
[2023-02-19T04:51:03.060Z] error: <plexProxyHandler> HTTP 401 communicating with Plex. Data: <html><head><title>Unauthorized</title></head><body><h1>401 Unauthorized</h1></body></html>
[2023-02-19T04:51:06.405Z] error: <plexProxyHandler> HTTP 401 communicating with Plex. Data: <html><head><title>Unauthorized</title></head><body><h1>401 Unauthorized</h1></body></html>
[2023-02-19T04:51:12.402Z] error: <plexProxyHandler> HTTP 401 communicating with Plex. Data: <html><head><title>Unauthorized</title></head><body><h1>401 Unauthorized</h1></body></html>
[2023-02-19T04:51:13.124Z] error: <plexProxyHandler> HTTP 401 communicating with Plex. Data: <html><head><title>Unauthorized</title></head><body><h1>401 Unauthorized</h1></body></html>
[2023-02-19T04:53:55.661Z] error: <plexProxyHandler> HTTP 400 communicating with Plex. Data: {"response": {"result": "error", "message": "Unknown command: /status/sessions. Possible commands are: add_newsletter_config, add_notifier_config, arnold, backup_config, backup_db, delete_all_library_history, delete_all_user_history, delete_cache, delete_export, delete_history, delete_hosted_images, delete_image_cache, delete_library, delete_login_log, delete_lookup_info, delete_media_info_cache, delete_mobile_device, delete_newsletter, delete_newsletter_log, delete_notification_log, delete_notifier, delete_recently_added, delete_synced_item, delete_temp_sessions, delete_user, docs, docs_md, download_config, download_database, download_export, download_log, download_plex_log, edit_library, edit_user, export_metadata, get_activity, get_apikey, get_children_metadata, get_collections_table, get_date_formats, get_export_fields, get_exports_table, get_geoip_lookup, get_history, get_home_stats, get_item_user_stats, get_item_watch_time_stats, get_libraries, get_libraries_table, get_library, get_library_media_info, get_library_names, get_library_user_stats, get_library_watch_time_stats, get_logs, get_metadata, get_new_rating_keys, get_newsletter_config, get_newsletter_log, get_newsletters, get_notification_log, get_notifier_config, get_notifier_parameters, get_notifiers, get_old_rating_keys, get_playlists_table, get_plays_by_date, get_plays_by_dayofweek, get_plays_by_hourofday, get_plays_by_source_resolution, get_plays_by_stream_resolution, get_plays_by_stream_type, get_plays_by_top_10_platforms, get_plays_by_top_10_users, get_plays_per_month, get_plex_log, get_pms_update, get_recently_added, get_server_friendly_name, get_server_id, get_server_identity, get_server_info, get_server_list, get_server_pref, get_servers_info, get_settings, get_stream_data, get_stream_type_by_top_10_platforms, get_stream_type_by_top_10_users, get_synced_items, get_tautulli_info, get_user, get_user_ips, get_user_logins, get_user_names, get_user_player_stats, get_user_watch_time_stats, get_users, get_users_table, get_whois_lookup, import_config, import_database, logout_user_session, notify, notify_newsletter, notify_recently_added, pms_image_proxy, refresh_libraries_list, refresh_users_list, register_device, restart, search, server_status, set_mobile_device_config, set_newsletter_config, set_notifier_config, sql, status, terminate_session, undelete_library, undelete_user, update, update_check, update_metadata_details", "data": {}}}
[2023-02-19T05:01:10.711Z] error: <qbittorrentProxyHandler> HTTP 401 getting data from qBittorrent.  Data: 
[2023-02-19T05:46:12.739Z] error: <httpProxy> Error calling http://radarr/api/v3/movie...
[2023-02-19T05:46:12.742Z] error: <httpProxy> [
  500,
  Error: getaddrinfo EAI_AGAIN radarr
      at GetAddrInfoReqWrap.onlookup [as oncomplete] (node:dns:107:26) {
    errno: -3001,
    code: 'EAI_AGAIN',
    syscall: 'getaddrinfo',
    hostname: 'radarr'
  }
]
[2023-02-19T05:46:12.771Z] error: <httpProxy> Error calling http://radarr/api/v3/queue/status...
[2023-02-19T05:46:12.772Z] error: <httpProxy> [
  500,
  Error: getaddrinfo EAI_AGAIN radarr
      at GetAddrInfoReqWrap.onlookup [as oncomplete] (node:dns:107:26) {
    errno: -3001,
    code: 'EAI_AGAIN',
    syscall: 'getaddrinfo',
    hostname: 'radarr'
  }
]
[2023-02-19T05:46:17.856Z] error: <httpProxy> Error calling http://radarr/api/v3/movie...
[2023-02-19T05:46:17.857Z] error: <httpProxy> [
  500,
  Error: getaddrinfo EAI_AGAIN radarr
      at GetAddrInfoReqWrap.onlookup [as oncomplete] (node:dns:107:26) {
    errno: -3001,
    code: 'EAI_AGAIN',
    syscall: 'getaddrinfo',
    hostname: 'radarr'
  }
]
[2023-02-19T05:46:18.829Z] error: <httpProxy> Error calling http://radarr/api/v3/queue/status...
[2023-02-19T05:46:18.829Z] error: <httpProxy> [
  500,
  Error: getaddrinfo EAI_AGAIN radarr
      at GetAddrInfoReqWrap.onlookup [as oncomplete] (node:dns:107:26) {
    errno: -3001,
    code: 'EAI_AGAIN',
    syscall: 'getaddrinfo',
    hostname: 'radarr'
  }
]
[2023-02-19T05:46:56.338Z] error: <httpProxy> Error calling http://radarr/api/v3/movie...
[2023-02-19T05:46:56.338Z] error: <httpProxy> [
  500,
  Error: getaddrinfo EAI_AGAIN radarr
      at GetAddrInfoReqWrap.onlookup [as oncomplete] (node:dns:107:26) {
    errno: -3001,
    code: 'EAI_AGAIN',
    syscall: 'getaddrinfo',
    hostname: 'radarr'
  }
]
[2023-02-19T05:46:56.341Z] error: <httpProxy> Error calling http://radarr/api/v3/queue/status...
[2023-02-19T05:46:56.342Z] error: <httpProxy> [
  500,
  Error: getaddrinfo EAI_AGAIN radarr
      at GetAddrInfoReqWrap.onlookup [as oncomplete] (node:dns:107:26) {
    errno: -3001,
    code: 'EAI_AGAIN',
    syscall: 'getaddrinfo',
    hostname: 'radarr'
  }
]
[2023-02-19T05:47:01.422Z] error: <httpProxy> Error calling http://radarr/api/v3/movie...
[2023-02-19T05:47:01.423Z] error: <httpProxy> [
  500,
  Error: getaddrinfo EAI_AGAIN radarr
      at GetAddrInfoReqWrap.onlookup [as oncomplete] (node:dns:107:26) {
    errno: -3001,
    code: 'EAI_AGAIN',
    syscall: 'getaddrinfo',
    hostname: 'radarr'
  }
]
[2023-02-19T05:47:01.427Z] error: <httpProxy> Error calling http://radarr/api/v3/queue/status...
[2023-02-19T05:47:01.427Z] error: <httpProxy> [
  500,
  Error: getaddrinfo EAI_AGAIN radarr
      at GetAddrInfoReqWrap.onlookup [as oncomplete] (node:dns:107:26) {
    errno: -3001,
    code: 'EAI_AGAIN',
    syscall: 'getaddrinfo',
    hostname: 'radarr'
  }
]
[2023-02-19T05:48:10.080Z] error: undefined
[2023-02-19T05:48:10.086Z] error: undefined
[2023-02-19T05:48:10.437Z] error: <dockerStatusService> Error: connect EACCES /var/run/docker.sock
    at PipeConnectWrap.afterConnect [as oncomplete] (node:net:1494:16)
[2023-02-19T05:52:21.484Z] error: <dockerStatusService> Error: connect EACCES /var/run/docker.sock
    at PipeConnectWrap.afterConnect [as oncomplete] (node:net:1494:16)
[2023-02-19T05:52:21.828Z] error: <dockerStatusService> Error: connect EACCES /var/run/docker.sock
    at PipeConnectWrap.afterConnect [as oncomplete] (node:net:1494:16)
[2023-02-19T05:52:26.491Z] error: <httpProxy> Error calling http://tautulli.local/api/v2...
[2023-02-19T05:52:26.491Z] error: <httpProxy> [
  500,
  Error: getaddrinfo EAI_AGAIN tautulli.local
      at GetAddrInfoReqWrap.onlookup [as oncomplete] (node:dns:107:26) {
    errno: -3001,
    code: 'EAI_AGAIN',
    syscall: 'getaddrinfo',
    hostname: 'tautulli.local'
  }
]
[2023-02-19T05:52:26.492Z] error: <httpProxy> Error calling http://request.local/api/v1/request/count...
[2023-02-19T05:52:26.493Z] error: <httpProxy> [
  500,
  Error: getaddrinfo EAI_AGAIN request.local
      at GetAddrInfoReqWrap.onlookup [as oncomplete] (node:dns:107:26) {
    errno: -3001,
    code: 'EAI_AGAIN',
    syscall: 'getaddrinfo',
    hostname: 'request.local'
  }
]
[2023-02-19T05:52:26.493Z] error: <credentialedProxyHandler> HTTP Error 500 calling http://request.local/api/v1/request/count
[2023-02-19T05:52:29.829Z] error: <dockerStatusService> Error: connect EACCES /var/run/docker.sock
    at PipeConnectWrap.afterConnect [as oncomplete] (node:net:1494:16)
[2023-02-19T05:52:31.496Z] error: <httpProxy> Error calling http://sonarr.local/api/v3/wanted/missing...
[2023-02-19T05:52:31.497Z] error: <httpProxy> [
  500,
  Error: getaddrinfo EAI_AGAIN sonarr.local
      at GetAddrInfoReqWrap.onlookup [as oncomplete] (node:dns:107:26) {
    errno: -3001,
    code: 'EAI_AGAIN',
    syscall: 'getaddrinfo',
    hostname: 'sonarr.local'
  }
]
[2023-02-19T05:52:31.497Z] error: <httpProxy> Error calling http://sonarr.local/api/v3/queue...
[2023-02-19T05:52:31.498Z] error: <httpProxy> [
  500,
  Error: getaddrinfo EAI_AGAIN sonarr.local
      at GetAddrInfoReqWrap.onlookup [as oncomplete] (node:dns:107:26) {
    errno: -3001,
    code: 'EAI_AGAIN',
    syscall: 'getaddrinfo',
    hostname: 'sonarr.local'
  }
]
[2023-02-19T05:52:36.501Z] error: <httpProxy> Error calling http://sonarr.local/api/v3/series...
[2023-02-19T05:52:36.502Z] error: <httpProxy> [
  500,
  Error: getaddrinfo EAI_AGAIN sonarr.local
      at GetAddrInfoReqWrap.onlookup [as oncomplete] (node:dns:107:26) {
    errno: -3001,
    code: 'EAI_AGAIN',
    syscall: 'getaddrinfo',
    hostname: 'sonarr.local'
  }
]
[2023-02-19T05:52:36.502Z] error: <httpProxy> Error calling http://tautulli.local/api/v2...
[2023-02-19T05:52:36.502Z] error: <httpProxy> [
  500,
  Error: getaddrinfo EAI_AGAIN tautulli.local
      at GetAddrInfoReqWrap.onlookup [as oncomplete] (node:dns:107:26) {
    errno: -3001,
    code: 'EAI_AGAIN',
    syscall: 'getaddrinfo',
    hostname: 'tautulli.local'
  }
]
[2023-02-19T05:52:41.508Z] error: <httpProxy> Error calling http://request.local/api/v1/request/count...
[2023-02-19T05:52:41.509Z] error: <httpProxy> [
  500,
  Error: getaddrinfo EAI_AGAIN request.local
      at GetAddrInfoReqWrap.onlookup [as oncomplete] (node:dns:107:26) {
    errno: -3001,
    code: 'EAI_AGAIN',
    syscall: 'getaddrinfo',
    hostname: 'request.local'
  }
]
[2023-02-19T05:52:41.510Z] error: <credentialedProxyHandler> HTTP Error 500 calling http://request.local/api/v1/request/count
[2023-02-19T05:52:41.511Z] error: <httpProxy> Error calling http://sonarr.local/api/v3/wanted/missing...
[2023-02-19T05:52:41.511Z] error: <httpProxy> [
  500,
  Error: getaddrinfo EAI_AGAIN sonarr.local
      at GetAddrInfoReqWrap.onlookup [as oncomplete] (node:dns:107:26) {
    errno: -3001,
    code: 'EAI_AGAIN',
    syscall: 'getaddrinfo',
    hostname: 'sonarr.local'
  }
]
[2023-02-19T05:52:46.513Z] error: <httpProxy> Error calling http://sonarr.local/api/v3/queue...
[2023-02-19T05:52:46.513Z] error: <httpProxy> [
  500,
  Error: getaddrinfo EAI_AGAIN sonarr.local
      at GetAddrInfoReqWrap.onlookup [as oncomplete] (node:dns:107:26) {
    errno: -3001,
    code: 'EAI_AGAIN',
    syscall: 'getaddrinfo',
    hostname: 'sonarr.local'
  }
]
[2023-02-19T05:52:46.513Z] error: <httpProxy> Error calling http://sonarr.local/api/v3/series...
[2023-02-19T05:52:46.514Z] error: <httpProxy> [
  500,
  Error: getaddrinfo EAI_AGAIN sonarr.local
      at GetAddrInfoReqWrap.onlookup [as oncomplete] (node:dns:107:26) {
    errno: -3001,
    code: 'EAI_AGAIN',
    syscall: 'getaddrinfo',
    hostname: 'sonarr.local'
  }
]
[2023-02-19T05:52:51.515Z] error: <httpProxy> Error calling http://prowlarr.local/api/v1/indexerstats...
[2023-02-19T05:52:51.515Z] error: <httpProxy> [
  500,
  Error: getaddrinfo EAI_AGAIN prowlarr.local
      at GetAddrInfoReqWrap.onlookup [as oncomplete] (node:dns:107:26) {
    errno: -3001,
    code: 'EAI_AGAIN',
    syscall: 'getaddrinfo',
    hostname: 'prowlarr.local'
  }
]
[2023-02-19T05:52:51.517Z] error: <httpProxy> Error calling http://torrent.local/api/v2/torrents/info...
[2023-02-19T05:52:51.517Z] error: <httpProxy> [
  500,
  Error: getaddrinfo EAI_AGAIN torrent.local
      at GetAddrInfoReqWrap.onlookup [as oncomplete] (node:dns:107:26) {
    errno: -3001,
    code: 'EAI_AGAIN',
    syscall: 'getaddrinfo',
    hostname: 'torrent.local'
  }
]
[2023-02-19T05:52:51.517Z] error: <qbittorrentProxyHandler> HTTP 500 getting data from qBittorrent.  Data: { error: [Object] }
[2023-02-19T05:52:56.520Z] error: <httpProxy> Error calling http://tautulli.local/api/v2...
[2023-02-19T05:52:56.520Z] error: <httpProxy> [
  500,
  Error: getaddrinfo EAI_AGAIN tautulli.local
      at GetAddrInfoReqWrap.onlookup [as oncomplete] (node:dns:107:26) {
    errno: -3001,
    code: 'EAI_AGAIN',
    syscall: 'getaddrinfo',
    hostname: 'tautulli.local'
  }
]
[2023-02-19T05:52:56.522Z] error: <httpProxy> Error calling http://request.local/api/v1/request/count...
[2023-02-19T05:52:56.523Z] error: <httpProxy> [
  500,
  Error: getaddrinfo EAI_AGAIN request.local
      at GetAddrInfoReqWrap.onlookup [as oncomplete] (node:dns:107:26) {
    errno: -3001,
    code: 'EAI_AGAIN',
    syscall: 'getaddrinfo',
    hostname: 'request.local'
  }
]
[2023-02-19T05:52:56.523Z] error: <credentialedProxyHandler> HTTP Error 500 calling http://request.local/api/v1/request/count
[2023-02-19T05:52:58.574Z] error: <dockerStatusService> Error: connect EACCES /var/run/docker.sock
    at PipeConnectWrap.afterConnect [as oncomplete] (node:net:1494:16)
[2023-02-19T05:52:59.935Z] error: <dockerStatusService> Error: connect EACCES /var/run/docker.sock
    at PipeConnectWrap.afterConnect [as oncomplete] (node:net:1494:16)
[2023-02-19T05:53:01.525Z] error: <httpProxy> Error calling http://sonarr.local/api/v3/queue...
[2023-02-19T05:53:01.525Z] error: <httpProxy> [
  500,
  Error: getaddrinfo EAI_AGAIN sonarr.local
      at GetAddrInfoReqWrap.onlookup [as oncomplete] (node:dns:107:26) {
    errno: -3001,
    code: 'EAI_AGAIN',
    syscall: 'getaddrinfo',
    hostname: 'sonarr.local'
  }
]
[2023-02-19T05:53:01.526Z] error: <httpProxy> Error calling http://sonarr.local/api/v3/wanted/missing...
[2023-02-19T05:53:01.526Z] error: <httpProxy> [
  500,
  Error: getaddrinfo EAI_AGAIN sonarr.local
      at GetAddrInfoReqWrap.onlookup [as oncomplete] (node:dns:107:26) {
    errno: -3001,
    code: 'EAI_AGAIN',
    syscall: 'getaddrinfo',
    hostname: 'sonarr.local'
  }
]
[2023-02-19T05:53:06.528Z] error: <httpProxy> Error calling http://sonarr.local/api/v3/series...
[2023-02-19T05:53:06.528Z] error: <httpProxy> [
  500,
  Error: getaddrinfo EAI_AGAIN sonarr.local
      at GetAddrInfoReqWrap.onlookup [as oncomplete] (node:dns:107:26) {
    errno: -3001,
    code: 'EAI_AGAIN',
    syscall: 'getaddrinfo',
    hostname: 'sonarr.local'
  }
]
[2023-02-19T05:53:06.530Z] error: <httpProxy> Error calling http://torrent.local/api/v2/torrents/info...
[2023-02-19T05:53:06.531Z] error: <httpProxy> [
  500,
  Error: getaddrinfo EAI_AGAIN torrent.local
      at GetAddrInfoReqWrap.onlookup [as oncomplete] (node:dns:107:26) {
    errno: -3001,
    code: 'EAI_AGAIN',
    syscall: 'getaddrinfo',
    hostname: 'torrent.local'
  }
]
[2023-02-19T05:53:06.531Z] error: <qbittorrentProxyHandler> HTTP 500 getting data from qBittorrent.  Data: { error: [Object] }
[2023-02-19T05:53:11.530Z] error: <httpProxy> Error calling http://prowlarr.local/api/v1/indexer...
[2023-02-19T05:53:11.531Z] error: <httpProxy> [
  500,
  Error: getaddrinfo EAI_AGAIN prowlarr.local
      at GetAddrInfoReqWrap.onlookup [as oncomplete] (node:dns:107:26) {
    errno: -3001,
    code: 'EAI_AGAIN',
    syscall: 'getaddrinfo',
    hostname: 'prowlarr.local'
  }
]
[2023-02-19T05:53:11.536Z] error: <httpProxy> Error calling http://prowlarr.local/api/v1/indexerstats...
[2023-02-19T05:53:11.536Z] error: <httpProxy> [
  500,
  Error: getaddrinfo EAI_AGAIN prowlarr.local
      at GetAddrInfoReqWrap.onlookup [as oncomplete] (node:dns:107:26) {
    errno: -3001,
    code: 'EAI_AGAIN',
    syscall: 'getaddrinfo',
    hostname: 'prowlarr.local'
  }
]
[2023-02-19T05:53:16.535Z] error: <httpProxy> Error calling http://tautulli.local/api/v2...
[2023-02-19T05:53:16.536Z] error: <httpProxy> [
  500,
  Error: getaddrinfo EAI_AGAIN tautulli.local
      at GetAddrInfoReqWrap.onlookup [as oncomplete] (node:dns:107:26) {
    errno: -3001,
    code: 'EAI_AGAIN',
    syscall: 'getaddrinfo',
    hostname: 'tautulli.local'
  }
]
[2023-02-19T05:53:16.541Z] error: <httpProxy> Error calling http://request.local/api/v1/request/count...
[2023-02-19T05:53:16.541Z] error: <httpProxy> [
  500,
  Error: getaddrinfo EAI_AGAIN request.local
      at GetAddrInfoReqWrap.onlookup [as oncomplete] (node:dns:107:26) {
    errno: -3001,
    code: 'EAI_AGAIN',
    syscall: 'getaddrinfo',
    hostname: 'request.local'
  }
]
[2023-02-19T05:53:16.541Z] error: <credentialedProxyHandler> HTTP Error 500 calling http://request.local/api/v1/request/count
[2023-02-19T05:53:17.013Z] error: <dockerStatusService> Error: connect EACCES /var/run/docker.sock
    at PipeConnectWrap.afterConnect [as oncomplete] (node:net:1494:16)
[2023-02-19T05:53:21.540Z] error: <httpProxy> Error calling http://sonarr.local/api/v3/wanted/missing...
[2023-02-19T05:53:21.540Z] error: <httpProxy> [
  500,
  Error: getaddrinfo EAI_AGAIN sonarr.local
      at GetAddrInfoReqWrap.onlookup [as oncomplete] (node:dns:107:26) {
    errno: -3001,
    code: 'EAI_AGAIN',
    syscall: 'getaddrinfo',
    hostname: 'sonarr.local'
  }
]
[2023-02-19T05:53:21.545Z] error: <httpProxy> Error calling http://sonarr.local/api/v3/queue...
[2023-02-19T05:53:21.545Z] error: <httpProxy> [
  500,
  Error: getaddrinfo EAI_AGAIN sonarr.local
      at GetAddrInfoReqWrap.onlookup [as oncomplete] (node:dns:107:26) {
    errno: -3001,
    code: 'EAI_AGAIN',
    syscall: 'getaddrinfo',
    hostname: 'sonarr.local'
  }
]
[2023-02-19T05:53:26.545Z] error: <httpProxy> Error calling http://sonarr.local/api/v3/series...
[2023-02-19T05:53:26.545Z] error: <httpProxy> [
  500,
  Error: getaddrinfo EAI_AGAIN sonarr.local
      at GetAddrInfoReqWrap.onlookup [as oncomplete] (node:dns:107:26) {
    errno: -3001,
    code: 'EAI_AGAIN',
    syscall: 'getaddrinfo',
    hostname: 'sonarr.local'
  }
]
[2023-02-19T05:53:26.549Z] error: <httpProxy> Error calling http://torrent.local/api/v2/torrents/info...
[2023-02-19T05:53:26.550Z] error: <httpProxy> [
  500,
  Error: getaddrinfo EAI_AGAIN torrent.local
      at GetAddrInfoReqWrap.onlookup [as oncomplete] (node:dns:107:26) {
    errno: -3001,
    code: 'EAI_AGAIN',
    syscall: 'getaddrinfo',
    hostname: 'torrent.local'
  }
]
[2023-02-19T05:53:26.550Z] error: <qbittorrentProxyHandler> HTTP 500 getting data from qBittorrent.  Data: { error: [Object] }
[2023-02-19T05:53:31.550Z] error: <httpProxy> Error calling http://tautulli.local/api/v2...
[2023-02-19T05:53:31.551Z] error: <httpProxy> [
  500,
  Error: getaddrinfo EAI_AGAIN tautulli.local
      at GetAddrInfoReqWrap.onlookup [as oncomplete] (node:dns:107:26) {
    errno: -3001,
    code: 'EAI_AGAIN',
    syscall: 'getaddrinfo',
    hostname: 'tautulli.local'
  }
]
[2023-02-19T05:53:31.552Z] error: <httpProxy> Error calling http://request.local/api/v1/request/count...
[2023-02-19T05:53:31.552Z] error: <httpProxy> [
  500,
  Error: getaddrinfo EAI_AGAIN request.local
      at GetAddrInfoReqWrap.onlookup [as oncomplete] (node:dns:107:26) {
    errno: -3001,
    code: 'EAI_AGAIN',
    syscall: 'getaddrinfo',
    hostname: 'request.local'
  }
]
[2023-02-19T05:53:31.552Z] error: <credentialedProxyHandler> HTTP Error 500 calling http://request.local/api/v1/request/count
[2023-02-19T05:53:34.448Z] error: <dockerStatusService> Error: connect EACCES /var/run/docker.sock
    at PipeConnectWrap.afterConnect [as oncomplete] (node:net:1494:16)
[2023-02-19T05:53:35.005Z] error: <dockerStatusService> Error: connect EACCES /var/run/docker.sock
    at PipeConnectWrap.afterConnect [as oncomplete] (node:net:1494:16)
[2023-02-19T05:56:14.887Z] error: <dockerStatusService> Error: connect EACCES /var/run/docker.sock
    at PipeConnectWrap.afterConnect [as oncomplete] (node:net:1494:16)
[2023-02-19T05:58:22.485Z] error: <dockerStatusService> Error: connect EACCES /var/run/docker.sock
    at PipeConnectWrap.afterConnect [as oncomplete] (node:net:1494:16)
[2023-02-19T05:59:35.414Z] error: <dockerStatusService> Error: connect EACCES /var/run/docker.sock
    at PipeConnectWrap.afterConnect [as oncomplete] (node:net:1494:16)
[2023-02-19T05:59:37.648Z] error: <dockerStatusService> Error: connect EACCES /var/run/docker.sock
    at PipeConnectWrap.afterConnect [as oncomplete] (node:net:1494:16)
[2023-02-19T05:59:40.979Z] error: <dockerStatusService> Error: connect EACCES /var/run/docker.sock
    at PipeConnectWrap.afterConnect [as oncomplete] (node:net:1494:16)
[2023-02-19T05:59:53.274Z] error: <dockerStatusService> Error: connect EACCES /var/run/docker.sock
    at PipeConnectWrap.afterConnect [as oncomplete] (node:net:1494:16)
[2023-02-19T05:59:56.070Z] error: <dockerStatusService> Error: connect EACCES /var/run/docker.sock
    at PipeConnectWrap.afterConnect [as oncomplete] (node:net:1494:16)
[2023-02-19T06:00:02.676Z] error: <dockerStatusService> Error: connect EACCES /var/run/docker.sock
    at PipeConnectWrap.afterConnect [as oncomplete] (node:net:1494:16)
[2023-02-19T06:00:39.150Z] error: <dockerStatusService> Error: connect EACCES /var/run/docker.sock
    at PipeConnectWrap.afterConnect [as oncomplete] (node:net:1494:16)
[2023-02-19T06:01:10.161Z] error: <dockerStatusService> Error: connect EACCES /var/run/docker.sock
    at PipeConnectWrap.afterConnect [as oncomplete] (node:net:1494:16)
[2023-02-19T06:02:50.122Z] error: <dockerStatusService> Error: connect EACCES /var/run/docker.sock
    at PipeConnectWrap.afterConnect [as oncomplete] (node:net:1494:16)
[2023-02-19T06:03:05.861Z] error: <dockerStatusService> Error: connect EACCES /var/run/docker.sock
    at PipeConnectWrap.afterConnect [as oncomplete] (node:net:1494:16)
[2023-02-19T06:03:11.510Z] error: <dockerStatusService> Error: connect EACCES /var/run/docker.sock
    at PipeConnectWrap.afterConnect [as oncomplete] (node:net:1494:16)
[2023-02-19T06:05:00.020Z] error: <dockerStatusService> Error: connect EACCES /var/run/docker.sock
    at PipeConnectWrap.afterConnect [as oncomplete] (node:net:1494:16)
[2023-02-19T06:06:36.744Z] error: <dockerStatusService> Error: connect EACCES /var/run/docker.sock
    at PipeConnectWrap.afterConnect [as oncomplete] (node:net:1494:16)
[2023-02-19T06:06:37.097Z] error: <dockerStatusService> Error: connect EACCES /var/run/docker.sock
    at PipeConnectWrap.afterConnect [as oncomplete] (node:net:1494:16)
[2023-02-19T06:06:41.319Z] error: <dockerStatusService> Error: connect EACCES /var/run/docker.sock
    at PipeConnectWrap.afterConnect [as oncomplete] (node:net:1494:16)
[2023-02-19T06:06:56.868Z] error: <dockerStatusService> Error: connect EACCES /var/run/docker.sock
    at PipeConnectWrap.afterConnect [as oncomplete] (node:net:1494:16)
